INFO 2021-04-17 13:52:49 :: https://www.spc.noaa.gov/exper/mesoanalysis/s18/rgnlrad/rad_20210413_1800.gif
INFO 2021-04-17 13:52:49 :: https://www.spc.noaa.gov/exper/mesoanalysis/s18/shr1/shr1_21041318.gif
INFO 2021-04-17 13:52:49 :: https://www.spc.noaa.gov/exper/mesoanalysis/s18/sigh/sigh_21041318.gif
INFO 2021-04-17 13:52:49 :: https://www.spc.noaa.gov/exper/mesoanalysis/s18/300mb/300mb_21041318.gif
INFO 2021-04-17 13:52:49 :: https://www.spc.noaa.gov/exper/mesoanalysis/s18/eshr/eshr_21041319.gif
INFO 2021-04-17 13:52:49 :: https://www.spc.noaa.gov/exper/mesoanalysis/s18/stpc/stpc_21041319.gif
INFO 2021-04-17 13:52:49 :: https://www.spc.noaa.gov/exper/mesoanalysis/s18/bigsfc/sfc_210413_1800.gif
INFO 2021-04-17 13:52:49 :: https://www.spc.noaa.gov/exper/mesoanalysis/s18/mlcp_eshr/mlcp_eshr_21041318.gif
INFO 2021-04-17 13:52:49 :: https://www.spc.noaa.gov/exper/mesoanalysis/s18/nstp/nstp_21041319.gif
INFO 2021-04-17 13:52:49 :: https://www.spc.noaa.gov/exper/mesoanalysis/s18/vadv/vadv_21041318.gif
INFO 2021-04-17 13:52:49 :: https://www.spc.noaa.gov/exper/mesoanalysis/s18/shr8/shr8_21041319.gif
INFO 2021-04-17 13:52:50 :: https://www.spc.noaa.gov/exper/mesoanalysis/s18/shr3/shr3_21041318.gif
INFO 2021-04-17 13:52:50 :: https://www.spc.noaa.gov/exper/mesoanalysis/s18/500mb_chg/500mb_chg_21041318.gif
INFO 2021-04-17 13:52:50 :: https://www.spc.noaa.gov/exper/mesoanalysis/s18/effh/effh_21041318.gif
INFO 2021-04-17 13:52:50 :: https://www.spc.noaa.gov/exper/mesoanalysis/s18/cpsh/cpsh_21041318.gif
INFO 2021-04-17 13:52:50 :: https://www.spc.noaa.gov/exper/mesoanalysis/s18/lghl/lghl_21041319.gif
INFO 2021-04-17 13:52:50 :: https://www.spc.noaa.gov/exper/mesoanalysis/s18/shr6/shr6_21041319.gif
INFO 2021-04-17 13:52:50 :: https://www.spc.noaa.gov/exper/mesoanalysis/s18/pchg/pchg_21041318.gif
INFO 2021-04-17 13:52:50 :: https://www.spc.noaa.gov/exper/mesoanalysis/s18/sigh/sigh_21041319.gif
INFO 2021-04-17 13:52:50 :: https://www.spc.noaa.gov/exper/mesoanalysis/s18/llsr/llsr_21041318.gif
INFO 2021-04-17 13:52:50 :: https://www.spc.noaa.gov/exper/mesoanalysis/s18/lr3c/lr3c_21041318.gif
INFO 2021-04-17 13:52:50 :: https://www.spc.noaa.gov/exper/mesoanalysis/s18/shr1/shr1_21041319.gif
INFO 2021-04-17 13:52:50 :: https://www.spc.noaa.gov/exper/mesoanalysis/s18/rgnlrad/rad_20210413_1900.gif
INFO 2021-04-17 13:52:50 :: https://www.spc.noaa.gov/exper/mesoanalysis/s18/mlcp/mlcp_21041318.gif
INFO 2021-04-17 13:52:51 :: https://www.spc.noaa.gov/exper/mesoanalysis/s18/shr3/shr3_21041319.gif
INFO 2021-04-17 13:52:51 :: https://www.spc.noaa.gov/exper/mesoanalysis/s18/3cvr/3cvr_21041318.gif
INFO 2021-04-17 13:52:51 :: https://www.spc.noaa.gov/exper/mesoanalysis/s18/bigsfc/sfc_210413_1900.gif
INFO 2021-04-17 13:52:51 :: https://www.spc.noaa.gov/exper/mesoanalysis/s18/alsr/alsr_21041318.gif
INFO 2021-04-17 13:52:51 :: https://www.spc.noaa.gov/exper/mesoanalysis/s18/mlcp_eshr/mlcp_eshr_21041319.gif
INFO 2021-04-17 13:52:51 :: https://www.spc.noaa.gov/exper/mesoanalysis/s18/mucp/mucp_21041318.gif
INFO 2021-04-17 13:52:51 :: https://www.spc.noaa.gov/exper/mesoanalysis/s18/effh/effh_21041319.gif
INFO 2021-04-17 13:52:51 :: https://www.spc.noaa.gov/exper/mesoanalysis/s18/pchg/pchg_21041319.gif
INFO 2021-04-17 13:52:51 :: https://www.spc.noaa.gov/exper/mesoanalysis/s18/prop/prop_21041318.gif
INFO 2021-04-17 13:52:51 :: https://www.spc.noaa.gov/exper/mesoanalysis/s18/scp/scp_21041318.gif
INFO 2021-04-17 13:52:51 :: https://www.spc.noaa.gov/exper/mesoanalysis/s18/cpsh/cpsh_21041319.gif
INFO 2021-04-17 13:52:51 :: https://www.spc.noaa.gov/exper/mesoanalysis/s18/maxlr/maxlr_21041318.gif
INFO 2021-04-17 13:52:51 :: https://www.spc.noaa.gov/exper/mesoanalysis/s18/mlcp/mlcp_21041319.gif
INFO 2021-04-17 13:52:51 :: https://www.spc.noaa.gov/exper/mesoanalysis/s18/llsr/llsr_21041319.gif
INFO 2021-04-17 13:52:51 :: https://www.spc.noaa.gov/exper/mesoanalysis/s18/lfrh/lfrh_21041318.gif
INFO 2021-04-17 13:52:51 :: https://www.spc.noaa.gov/exper/mesoanalysis/s18/925mb/925mb_21041318.gif
INFO 2021-04-17 13:52:51 :: https://www.spc.noaa.gov/exper/mesoanalysis/s18/stor/stor_21041318.gif
INFO 2021-04-17 13:52:52 :: https://www.spc.noaa.gov/exper/mesoanalysis/s18/alsr/alsr_21041319.gif
INFO 2021-04-17 13:52:52 :: https://www.spc.noaa.gov/exper/mesoanalysis/s18/mucp/mucp_21041319.gif
INFO 2021-04-17 13:52:52 :: https://www.spc.noaa.gov/exper/mesoanalysis/s18/eshr/eshr_21041318.gif
INFO 2021-04-17 13:52:52 :: https://www.spc.noaa.gov/exper/mesoanalysis/s18/850mb/850mb_21041318.gif
INFO 2021-04-17 13:52:52 :: https://www.spc.noaa.gov/exper/mesoanalysis/s18/scp/scp_21041319.gif
INFO 2021-04-17 13:52:52 :: https://www.spc.noaa.gov/exper/mesoanalysis/s18/shr8/shr8_21041318.gif
INFO 2021-04-17 13:52:52 :: https://www.spc.noaa.gov/exper/mesoanalysis/s18/maxlr/maxlr_21041319.gif
INFO 2021-04-17 13:52:52 :: https://www.spc.noaa.gov/exper/mesoanalysis/s18/700mb/700mb_21041318.gif
INFO 2021-04-17 13:52:53 :: https://www.spc.noaa.gov/exper/mesoanalysis/s18/lfrh/lfrh_21041319.gif
INFO 2021-04-17 13:52:53 :: https://www.spc.noaa.gov/exper/mesoanalysis/s18/shr6/shr6_21041318.gif
INFO 2021-04-17 13:52:53 :: https://www.spc.noaa.gov/exper/mesoanalysis/s18/500mb/500mb_21041318.gif
INFO 2021-04-17 13:52:53 :: https://www.spc.noaa.gov/exper/mesoanalysis/s18/850mb/850mb_21041319.gif
INFO 2021-04-17 13:52:53 :: https://www.spc.noaa.gov/exper/mesoanalysis/s18/stpc/stpc_21041318.gif
INFO 2021-04-17 13:52:53 :: https://www.spc.noaa.gov/exper/mesoanalysis/s18/stor/stor_21041319.gif
INFO 2021-04-17 13:52:53 :: https://www.spc.noaa.gov/exper/mesoanalysis/s18/mucp/mucp_21041320.gif
INFO 2021-04-17 13:52:53 :: https://www.spc.noaa.gov/exper/mesoanalysis/s18/lr3c/lr3c_21041319.gif
INFO 2021-04-17 13:52:53 :: https://www.spc.noaa.gov/exper/mesoanalysis/s18/alsr/alsr_21041320.gif
INFO 2021-04-17 13:52:53 :: https://www.spc.noaa.gov/exper/mesoanalysis/s18/3cvr/3cvr_21041319.gif
INFO 2021-04-17 13:52:53 :: https://www.spc.noaa.gov/exper/mesoanalysis/s18/3cvr/3cvr_21041320.gif
INFO 2021-04-17 13:52:53 :: https://www.spc.noaa.gov/exper/mesoanalysis/s18/700mb/700mb_21041319.gif
INFO 2021-04-17 13:52:53 :: https://www.spc.noaa.gov/exper/mesoanalysis/s18/maxlr/maxlr_21041320.gif
INFO 2021-04-17 13:52:53 :: https://www.spc.noaa.gov/exper/mesoanalysis/s18/nstp/nstp_21041318.gif
INFO 2021-04-17 13:52:54 :: https://www.spc.noaa.gov/exper/mesoanalysis/s18/scp/scp_21041320.gif
INFO 2021-04-17 13:52:54 :: https://www.spc.noaa.gov/exper/mesoanalysis/s18/prop/prop_21041320.gif
INFO 2021-04-17 13:52:54 :: https://www.spc.noaa.gov/exper/mesoanalysis/s18/500mb/500mb_21041319.gif
INFO 2021-04-17 13:52:54 :: https://www.spc.noaa.gov/exper/mesoanalysis/s18/lghl/lghl_21041318.gif
INFO 2021-04-17 13:52:54 :: https://www.spc.noaa.gov/exper/mesoanalysis/s18/lfrh/lfrh_21041320.gif
INFO 2021-04-17 13:52:54 :: https://www.spc.noaa.gov/exper/mesoanalysis/s18/prop/prop_21041319.gif
INFO 2021-04-17 13:52:54 :: https://www.spc.noaa.gov/exper/mesoanalysis/s18/stor/stor_21041320.gif
INFO 2021-04-17 13:52:54 :: https://www.spc.noaa.gov/exper/mesoanalysis/s18/eshr/eshr_21041320.gif
INFO 2021-04-17 13:52:54 :: https://www.spc.noaa.gov/exper/mesoanalysis/s18/925mb/925mb_21041320.gif
INFO 2021-04-17 13:52:54 :: https://www.spc.noaa.gov/exper/mesoanalysis/s18/300mb/300mb_21041319.gif
INFO 2021-04-17 13:52:54 :: https://www.spc.noaa.gov/exper/mesoanalysis/s18/925mb/925mb_21041319.gif
INFO 2021-04-17 13:52:54 :: https://www.spc.noaa.gov/exper/mesoanalysis/s18/bigsfc/sfc_210413_2100.gif
INFO 2021-04-17 13:52:54 :: https://www.spc.noaa.gov/exper/mesoanalysis/s18/stpc/stpc_21041320.gif
INFO 2021-04-17 13:52:55 :: https://www.spc.noaa.gov/exper/mesoanalysis/s18/850mb/850mb_21041320.gif
INFO 2021-04-17 13:52:55 :: https://www.spc.noaa.gov/exper/mesoanalysis/s18/shr8/shr8_21041320.gif
INFO 2021-04-17 13:52:55 :: https://www.spc.noaa.gov/exper/mesoanalysis/s18/pchg/pchg_21041321.gif
INFO 2021-04-17 13:52:55 :: https://www.spc.noaa.gov/exper/mesoanalysis/s18/shr3/shr3_21041321.gif
INFO 2021-04-17 13:52:55 :: https://www.spc.noaa.gov/exper/mesoanalysis/s18/vadv/vadv_21041319.gif
INFO 2021-04-17 13:52:55 :: https://www.spc.noaa.gov/exper/mesoanalysis/s18/nstp/nstp_21041320.gif
INFO 2021-04-17 13:52:55 :: https://www.spc.noaa.gov/exper/mesoanalysis/s18/500mb_chg/500mb_chg_21041319.gif
INFO 2021-04-17 13:52:55 :: https://www.spc.noaa.gov/exper/mesoanalysis/s18/shr6/shr6_21041320.gif
INFO 2021-04-17 13:52:55 :: https://www.spc.noaa.gov/exper/mesoanalysis/s18/mlcp/mlcp_21041321.gif
INFO 2021-04-17 13:52:55 :: https://www.spc.noaa.gov/exper/mesoanalysis/s18/effh/effh_21041321.gif
INFO 2021-04-17 13:52:55 :: https://www.spc.noaa.gov/exper/mesoanalysis/s18/lghl/lghl_21041320.gif
INFO 2021-04-17 13:52:55 :: https://www.spc.noaa.gov/exper/mesoanalysis/s18/shr1/shr1_21041320.gif
INFO 2021-04-17 13:52:55 :: https://www.spc.noaa.gov/exper/mesoanalysis/s18/rgnlrad/rad_20210413_2000.gif
INFO 2021-04-17 13:52:55 :: https://www.spc.noaa.gov/exper/mesoanalysis/s18/llsr/llsr_21041321.gif
INFO 2021-04-17 13:52:55 :: https://www.spc.noaa.gov/exper/mesoanalysis/s18/mucp/mucp_21041321.gif
INFO 2021-04-17 13:52:56 :: https://www.spc.noaa.gov/exper/mesoanalysis/s18/sigh/sigh_21041320.gif
INFO 2021-04-17 13:52:56 :: https://www.spc.noaa.gov/exper/mesoanalysis/s18/maxlr/maxlr_21041321.gif
INFO 2021-04-17 13:52:56 :: https://www.spc.noaa.gov/exper/mesoanalysis/s18/shr3/shr3_21041320.gif
INFO 2021-04-17 13:52:56 :: https://www.spc.noaa.gov/exper/mesoanalysis/s18/alsr/alsr_21041321.gif
INFO 2021-04-17 13:52:56 :: https://www.spc.noaa.gov/exper/mesoanalysis/s18/bigsfc/sfc_210413_2000.gif
INFO 2021-04-17 13:52:56 :: https://www.spc.noaa.gov/exper/mesoanalysis/s18/mlcp_eshr/mlcp_eshr_21041320.gif
INFO 2021-04-17 13:52:56 :: https://www.spc.noaa.gov/exper/mesoanalysis/s18/pchg/pchg_21041320.gif
INFO 2021-04-17 13:52:56 :: https://www.spc.noaa.gov/exper/mesoanalysis/s18/effh/effh_21041320.gif
INFO 2021-04-17 13:52:56 :: https://www.spc.noaa.gov/exper/mesoanalysis/s18/cpsh/cpsh_21041320.gif
INFO 2021-04-17 13:52:57 :: https://www.spc.noaa.gov/exper/mesoanalysis/s18/lr3c/lr3c_21041320.gif
INFO 2021-04-17 13:52:57 :: https://www.spc.noaa.gov/exper/mesoanalysis/s18/mlcp/mlcp_21041320.gif
INFO 2021-04-17 13:52:57 :: https://www.spc.noaa.gov/exper/mesoanalysis/s18/mlcp_eshr/mlcp_eshr_21041321.gif
INFO 2021-04-17 13:52:57 :: https://www.spc.noaa.gov/exper/mesoanalysis/s18/scp/scp_21041321.gif
INFO 2021-04-17 13:52:57 :: https://www.spc.noaa.gov/exper/mesoanalysis/s18/lfrh/lfrh_21041321.gif
INFO 2021-04-17 13:52:57 :: https://www.spc.noaa.gov/exper/mesoanalysis/s18/700mb/700mb_21041320.gif
INFO 2021-04-17 13:52:57 :: https://www.spc.noaa.gov/exper/mesoanalysis/s18/vadv/vadv_21041321.gif
INFO 2021-04-17 13:52:57 :: https://www.spc.noaa.gov/exper/mesoanalysis/s18/cpsh/cpsh_21041321.gif
INFO 2021-04-17 13:52:58 :: https://www.spc.noaa.gov/exper/mesoanalysis/s18/stor/stor_21041321.gif
INFO 2021-04-17 13:52:58 :: https://www.spc.noaa.gov/exper/mesoanalysis/s18/500mb/500mb_21041320.gif
INFO 2021-04-17 13:52:58 :: https://www.spc.noaa.gov/exper/mesoanalysis/s18/eshr/eshr_21041321.gif
INFO 2021-04-17 13:52:58 :: https://www.spc.noaa.gov/exper/mesoanalysis/s18/llsr/llsr_21041320.gif
INFO 2021-04-17 13:52:58 :: https://www.spc.noaa.gov/exper/mesoanalysis/s18/500mb_chg/500mb_chg_21041321.gif
INFO 2021-04-17 13:52:58 :: https://www.spc.noaa.gov/exper/mesoanalysis/s18/lr3c/lr3c_21041321.gif
INFO 2021-04-17 13:52:58 :: https://www.spc.noaa.gov/exper/mesoanalysis/s18/300mb/300mb_21041320.gif
INFO 2021-04-17 13:52:58 :: https://www.spc.noaa.gov/exper/mesoanalysis/s18/shr8/shr8_21041321.gif
INFO 2021-04-17 13:52:58 :: https://www.spc.noaa.gov/exper/mesoanalysis/s18/stpc/stpc_21041321.gif
INFO 2021-04-17 13:52:58 :: https://www.spc.noaa.gov/exper/mesoanalysis/s18/shr8/shr8_21041322.gif
INFO 2021-04-17 13:52:58 :: https://www.spc.noaa.gov/exper/mesoanalysis/s18/rgnlrad/rad_20210413_2200.gif
INFO 2021-04-17 13:52:58 :: https://www.spc.noaa.gov/exper/mesoanalysis/s18/3cvr/3cvr_21041321.gif
INFO 2021-04-17 13:52:58 :: https://www.spc.noaa.gov/exper/mesoanalysis/s18/nstp/nstp_21041321.gif
INFO 2021-04-17 13:52:58 :: https://www.spc.noaa.gov/exper/mesoanalysis/s18/vadv/vadv_21041320.gif
INFO 2021-04-17 13:52:58 :: https://www.spc.noaa.gov/exper/mesoanalysis/s18/shr6/shr6_21041321.gif
INFO 2021-04-17 13:52:58 :: https://www.spc.noaa.gov/exper/mesoanalysis/s18/shr6/shr6_21041322.gif
INFO 2021-04-17 13:52:59 :: https://www.spc.noaa.gov/exper/mesoanalysis/s18/bigsfc/sfc_210413_2200.gif
INFO 2021-04-17 13:52:59 :: https://www.spc.noaa.gov/exper/mesoanalysis/s18/prop/prop_21041321.gif
INFO 2021-04-17 13:52:59 :: https://www.spc.noaa.gov/exper/mesoanalysis/s18/lghl/lghl_21041321.gif
INFO 2021-04-17 13:52:59 :: https://www.spc.noaa.gov/exper/mesoanalysis/s18/500mb_chg/500mb_chg_21041320.gif
INFO 2021-04-17 13:52:59 :: https://www.spc.noaa.gov/exper/mesoanalysis/s18/shr1/shr1_21041321.gif
INFO 2021-04-17 13:52:59 :: https://www.spc.noaa.gov/exper/mesoanalysis/s18/pchg/pchg_21041322.gif
INFO 2021-04-17 13:52:59 :: https://www.spc.noaa.gov/exper/mesoanalysis/s18/925mb/925mb_21041321.gif
INFO 2021-04-17 13:52:59 :: https://www.spc.noaa.gov/exper/mesoanalysis/s18/sigh/sigh_21041321.gif
INFO 2021-04-17 13:52:59 :: https://www.spc.noaa.gov/exper/mesoanalysis/s18/rgnlrad/rad_20210413_2100.gif
INFO 2021-04-17 13:52:59 :: https://www.spc.noaa.gov/exper/mesoanalysis/s18/nstp/nstp_21041322.gif
INFO 2021-04-17 13:52:59 :: https://www.spc.noaa.gov/exper/mesoanalysis/s18/850mb/850mb_21041321.gif
INFO 2021-04-17 13:52:59 :: https://www.spc.noaa.gov/exper/mesoanalysis/s18/shr1/shr1_21041322.gif
INFO 2021-04-17 13:52:59 :: https://www.spc.noaa.gov/exper/mesoanalysis/s18/mlcp/mlcp_21041322.gif
INFO 2021-04-17 13:52:59 :: https://www.spc.noaa.gov/exper/mesoanalysis/s18/700mb/700mb_21041322.gif
INFO 2021-04-17 13:52:59 :: https://www.spc.noaa.gov/exper/mesoanalysis/s18/maxlr/maxlr_21041323.gif
INFO 2021-04-17 13:53:00 :: https://www.spc.noaa.gov/exper/mesoanalysis/s18/shr3/shr3_21041322.gif
INFO 2021-04-17 13:53:00 :: https://www.spc.noaa.gov/exper/mesoanalysis/s18/mucp/mucp_21041322.gif
INFO 2021-04-17 13:53:00 :: https://www.spc.noaa.gov/exper/mesoanalysis/s18/500mb/500mb_21041322.gif
INFO 2021-04-17 13:53:00 :: https://www.spc.noaa.gov/exper/mesoanalysis/s18/lfrh/lfrh_21041323.gif
INFO 2021-04-17 13:53:00 :: https://www.spc.noaa.gov/exper/mesoanalysis/s18/lghl/lghl_21041322.gif
INFO 2021-04-17 13:53:00 :: https://www.spc.noaa.gov/exper/mesoanalysis/s18/effh/effh_21041322.gif
INFO 2021-04-17 13:53:00 :: https://www.spc.noaa.gov/exper/mesoanalysis/s18/maxlr/maxlr_21041322.gif
INFO 2021-04-17 13:53:00 :: https://www.spc.noaa.gov/exper/mesoanalysis/s18/300mb/300mb_21041322.gif
INFO 2021-04-17 13:53:00 :: https://www.spc.noaa.gov/exper/mesoanalysis/s18/700mb/700mb_21041321.gif
INFO 2021-04-17 13:53:00 :: https://www.spc.noaa.gov/exper/mesoanalysis/s18/eshr/eshr_21041323.gif
INFO 2021-04-17 13:53:00 :: https://www.spc.noaa.gov/exper/mesoanalysis/s18/sigh/sigh_21041322.gif
INFO 2021-04-17 13:53:01 :: https://www.spc.noaa.gov/exper/mesoanalysis/s18/lfrh/lfrh_21041322.gif
INFO 2021-04-17 13:53:01 :: https://www.spc.noaa.gov/exper/mesoanalysis/s18/llsr/llsr_21041322.gif
INFO 2021-04-17 13:53:01 :: https://www.spc.noaa.gov/exper/mesoanalysis/s18/vadv/vadv_21041322.gif
INFO 2021-04-17 13:53:01 :: https://www.spc.noaa.gov/exper/mesoanalysis/s18/shr8/shr8_21041323.gif
INFO 2021-04-17 13:53:01 :: https://www.spc.noaa.gov/exper/mesoanalysis/s18/500mb/500mb_21041321.gif
INFO 2021-04-17 13:53:01 :: https://www.spc.noaa.gov/exper/mesoanalysis/s18/mlcp_eshr/mlcp_eshr_21041322.gif
INFO 2021-04-17 13:53:01 :: https://www.spc.noaa.gov/exper/mesoanalysis/s18/eshr/eshr_21041322.gif
INFO 2021-04-17 13:53:01 :: https://www.spc.noaa.gov/exper/mesoanalysis/s18/alsr/alsr_21041322.gif
INFO 2021-04-17 13:53:01 :: https://www.spc.noaa.gov/exper/mesoanalysis/s18/500mb_chg/500mb_chg_21041322.gif
INFO 2021-04-17 13:53:01 :: https://www.spc.noaa.gov/exper/mesoanalysis/s18/300mb/300mb_21041321.gif
INFO 2021-04-17 13:53:01 :: https://www.spc.noaa.gov/exper/mesoanalysis/s18/shr6/shr6_21041323.gif
INFO 2021-04-17 13:53:01 :: https://www.spc.noaa.gov/exper/mesoanalysis/s18/cpsh/cpsh_21041322.gif
INFO 2021-04-17 13:53:01 :: https://www.spc.noaa.gov/exper/mesoanalysis/s18/scp/scp_21041323.gif
INFO 2021-04-17 13:53:01 :: https://www.spc.noaa.gov/exper/mesoanalysis/s18/scp/scp_21041322.gif
INFO 2021-04-17 13:53:01 :: https://www.spc.noaa.gov/exper/mesoanalysis/s18/rgnlrad/rad_20210413_2300.gif
INFO 2021-04-17 13:53:01 :: https://www.spc.noaa.gov/exper/mesoanalysis/s18/shr1/shr1_21041323.gif
INFO 2021-04-17 13:53:01 :: https://www.spc.noaa.gov/exper/mesoanalysis/s18/prop/prop_21041323.gif
INFO 2021-04-17 13:53:02 :: https://www.spc.noaa.gov/exper/mesoanalysis/s18/lr3c/lr3c_21041322.gif
INFO 2021-04-17 13:53:02 :: https://www.spc.noaa.gov/exper/mesoanalysis/s18/stor/stor_21041322.gif
INFO 2021-04-17 13:53:02 :: https://www.spc.noaa.gov/exper/mesoanalysis/s18/stor/stor_21041323.gif
INFO 2021-04-17 13:53:02 :: https://www.spc.noaa.gov/exper/mesoanalysis/s18/bigsfc/sfc_210413_2300.gif
INFO 2021-04-17 13:53:02 :: https://www.spc.noaa.gov/exper/mesoanalysis/s18/925mb/925mb_21041323.gif
INFO 2021-04-17 13:53:02 :: https://www.spc.noaa.gov/exper/mesoanalysis/s18/3cvr/3cvr_21041322.gif
INFO 2021-04-17 13:53:02 :: https://www.spc.noaa.gov/exper/mesoanalysis/s18/shr3/shr3_21041323.gif
INFO 2021-04-17 13:53:02 :: https://www.spc.noaa.gov/exper/mesoanalysis/s18/stpc/stpc_21041323.gif
INFO 2021-04-17 13:53:02 :: https://www.spc.noaa.gov/exper/mesoanalysis/s18/pchg/pchg_21041323.gif
INFO 2021-04-17 13:53:02 :: https://www.spc.noaa.gov/exper/mesoanalysis/s18/stpc/stpc_21041322.gif
INFO 2021-04-17 13:53:02 :: https://www.spc.noaa.gov/exper/mesoanalysis/s18/850mb/850mb_21041323.gif
INFO 2021-04-17 13:53:02 :: https://www.spc.noaa.gov/exper/mesoanalysis/s18/prop/prop_21041322.gif
INFO 2021-04-17 13:53:03 :: https://www.spc.noaa.gov/exper/mesoanalysis/s18/effh/effh_21041323.gif
INFO 2021-04-17 13:53:03 :: https://www.spc.noaa.gov/exper/mesoanalysis/s18/nstp/nstp_21041323.gif
INFO 2021-04-17 13:53:03 :: https://www.spc.noaa.gov/exper/mesoanalysis/s18/mlcp/mlcp_21041323.gif
INFO 2021-04-17 13:53:03 :: https://www.spc.noaa.gov/exper/mesoanalysis/s18/pchg/pchg_21041400.gif
INFO 2021-04-17 13:53:03 :: https://www.spc.noaa.gov/exper/mesoanalysis/s18/700mb/700mb_21041323.gif
INFO 2021-04-17 13:53:03 :: https://www.spc.noaa.gov/exper/mesoanalysis/s18/925mb/925mb_21041322.gif
INFO 2021-04-17 13:53:03 :: https://www.spc.noaa.gov/exper/mesoanalysis/s18/lghl/lghl_21041323.gif
INFO 2021-04-17 13:53:03 :: https://www.spc.noaa.gov/exper/mesoanalysis/s18/mlcp/mlcp_21041400.gif
INFO 2021-04-17 13:53:03 :: https://www.spc.noaa.gov/exper/mesoanalysis/s18/mucp/mucp_21041323.gif
INFO 2021-04-17 13:53:03 :: https://www.spc.noaa.gov/exper/mesoanalysis/s18/500mb/500mb_21041323.gif
INFO 2021-04-17 13:53:03 :: https://www.spc.noaa.gov/exper/mesoanalysis/s18/llsr/llsr_21041323.gif
INFO 2021-04-17 13:53:03 :: https://www.spc.noaa.gov/exper/mesoanalysis/s18/sigh/sigh_21041323.gif
INFO 2021-04-17 13:53:03 :: https://www.spc.noaa.gov/exper/mesoanalysis/s18/mucp/mucp_21041400.gif
INFO 2021-04-17 13:53:03 :: https://www.spc.noaa.gov/exper/mesoanalysis/s18/850mb/850mb_21041322.gif
INFO 2021-04-17 13:53:03 :: https://www.spc.noaa.gov/exper/mesoanalysis/s18/effh/effh_21041400.gif
INFO 2021-04-17 13:53:03 :: https://www.spc.noaa.gov/exper/mesoanalysis/s18/300mb/300mb_21041323.gif
INFO 2021-04-17 13:53:03 :: https://www.spc.noaa.gov/exper/mesoanalysis/s18/alsr/alsr_21041323.gif
INFO 2021-04-17 13:53:04 :: https://www.spc.noaa.gov/exper/mesoanalysis/s18/cpsh/cpsh_21041400.gif
INFO 2021-04-17 13:53:04 :: https://www.spc.noaa.gov/exper/mesoanalysis/s18/mlcp_eshr/mlcp_eshr_21041323.gif
INFO 2021-04-17 13:53:04 :: https://www.spc.noaa.gov/exper/mesoanalysis/s18/maxlr/maxlr_21041400.gif
INFO 2021-04-17 13:53:04 :: https://www.spc.noaa.gov/exper/mesoanalysis/s18/llsr/llsr_21041400.gif
INFO 2021-04-17 13:53:04 :: https://www.spc.noaa.gov/exper/mesoanalysis/s18/vadv/vadv_21041323.gif
INFO 2021-04-17 13:53:04 :: https://www.spc.noaa.gov/exper/mesoanalysis/s18/500mb_chg/500mb_chg_21041400.gif
INFO 2021-04-17 13:53:04 :: https://www.spc.noaa.gov/exper/mesoanalysis/s18/lr3c/lr3c_21041400.gif
INFO 2021-04-17 13:53:04 :: https://www.spc.noaa.gov/exper/mesoanalysis/s18/lfrh/lfrh_21041400.gif
INFO 2021-04-17 13:53:04 :: https://www.spc.noaa.gov/exper/mesoanalysis/s18/cpsh/cpsh_21041323.gif
INFO 2021-04-17 13:53:04 :: https://www.spc.noaa.gov/exper/mesoanalysis/s18/alsr/alsr_21041400.gif
INFO 2021-04-17 13:53:04 :: https://www.spc.noaa.gov/exper/mesoanalysis/s18/500mb_chg/500mb_chg_21041323.gif
INFO 2021-04-17 13:53:04 :: https://www.spc.noaa.gov/exper/mesoanalysis/s18/3cvr/3cvr_21041400.gif
INFO 2021-04-17 13:53:04 :: https://www.spc.noaa.gov/exper/mesoanalysis/s18/eshr/eshr_21041400.gif
INFO 2021-04-17 13:53:05 :: https://www.spc.noaa.gov/exper/mesoanalysis/s18/lr3c/lr3c_21041323.gif
INFO 2021-04-17 13:53:05 :: https://www.spc.noaa.gov/exper/mesoanalysis/s18/scp/scp_21041400.gif
INFO 2021-04-17 13:53:05 :: https://www.spc.noaa.gov/exper/mesoanalysis/s18/rgnlrad/rad_20210414_0000.gif
INFO 2021-04-17 13:53:05 :: https://www.spc.noaa.gov/exper/mesoanalysis/s18/prop/prop_21041400.gif
INFO 2021-04-17 13:53:05 :: https://www.spc.noaa.gov/exper/mesoanalysis/s18/shr8/shr8_21041400.gif
INFO 2021-04-17 13:53:05 :: https://www.spc.noaa.gov/exper/mesoanalysis/s18/3cvr/3cvr_21041323.gif
INFO 2021-04-17 13:53:05 :: https://www.spc.noaa.gov/exper/mesoanalysis/s18/stor/stor_21041400.gif
INFO 2021-04-17 13:53:05 :: https://www.spc.noaa.gov/exper/mesoanalysis/s18/bigsfc/sfc_210414_0000.gif
INFO 2021-04-17 13:53:05 :: https://www.spc.noaa.gov/exper/mesoanalysis/s18/925mb/925mb_21041400.gif
INFO 2021-04-17 13:53:05 :: https://www.spc.noaa.gov/exper/mesoanalysis/s18/shr6/shr6_21041400.gif
INFO 2021-04-17 13:53:05 :: https://www.spc.noaa.gov/exper/mesoanalysis/s18/stpc/stpc_21041400.gif
INFO 2021-04-17 13:53:06 :: https://www.spc.noaa.gov/exper/mesoanalysis/s18/850mb/850mb_21041400.gif
INFO 2021-04-17 13:53:06 :: https://www.spc.noaa.gov/exper/mesoanalysis/s18/shr1/shr1_21041400.gif
INFO 2021-04-17 13:53:06 :: https://www.spc.noaa.gov/exper/mesoanalysis/s18/nstp/nstp_21041400.gif
INFO 2021-04-17 13:53:06 :: https://www.spc.noaa.gov/exper/mesoanalysis/s18/700mb/700mb_21041400.gif
INFO 2021-04-17 13:53:06 :: https://www.spc.noaa.gov/exper/mesoanalysis/s18/shr3/shr3_21041400.gif
INFO 2021-04-17 13:53:06 :: https://www.spc.noaa.gov/exper/mesoanalysis/s18/lghl/lghl_21041400.gif
INFO 2021-04-17 13:53:06 :: https://www.spc.noaa.gov/exper/mesoanalysis/s18/500mb/500mb_21041400.gif
INFO 2021-04-17 13:53:06 :: https://www.spc.noaa.gov/exper/mesoanalysis/s18/sigh/sigh_21041400.gif
INFO 2021-04-17 13:53:07 :: https://www.spc.noaa.gov/exper/mesoanalysis/s18/300mb/300mb_21041400.gif
INFO 2021-04-17 13:53:07 :: https://www.spc.noaa.gov/exper/mesoanalysis/s18/mlcp_eshr/mlcp_eshr_21041400.gif
INFO 2021-04-17 13:53:07 :: https://www.spc.noaa.gov/exper/mesoanalysis/s18/vadv/vadv_21041400.gif
INFO 2021-04-17 13:53:08 :: Function: get_files took: 18.6549 sec
INFO 2021-04-17 13:53:08 :: ************************
